<?xml version="1.0" encoding="UTF-8"?>
<!-- Generated by org.testng.reporters.JUnitReportReporter -->
<testsuite hostname="DESKTOP-SN0SFLR" failures="0" tests="4" name="testscript.SubCategoryTest" time="67.355" errors="0" timestamp="2025-02-19T21:31:42 GMT" skipped="0">
  <testcase classname="testscript.SubCategoryTest" name="verifyUserCanDeletSubcategory" time="16.991"/>
  <testcase classname="testscript.SubCategoryTest" name="verifyUserCanSearchSubCategoryList" time="25.114"/>
  <testcase classname="testscript.SubCategoryTest" name="verifyUserCanChangeTheSubcategoryStatus" time="14.346"/>
  <testcase classname="testscript.SubCategoryTest" name="verifyAddNewSubcategorywithValidDetails" time="10.904"/>
</testsuite> <!-- testscript.SubCategoryTest -->
