<?xml version="1.0" encoding="UTF-8"?>
<!-- Generated by org.testng.reporters.JUnitReportReporter -->
<testsuite hostname="DESKTOP-SN0SFLR" failures="0" tests="1" name="testscript.ManageContactTest" time="18.246" errors="0" timestamp="2025-02-19T21:31:42 GMT" skipped="0">
  <testcase classname="testscript.ManageContactTest" name="verifyTheUserCanEditTheManageContact" time="18.246"/>
</testsuite> <!-- testscript.ManageContactTest -->
