<?xml version="1.0" encoding="UTF-8"?>
<!-- Generated by org.testng.reporters.JUnitReportReporter -->
<testsuite hostname="DESKTOP-SN0SFLR" failures="0" tests="2" name="testscript.LoginTest" time="24.389" errors="0" timestamp="2025-02-26T20:55:18 GMT" skipped="0">
  <testcase classname="testscript.LoginTest" name="verifyUserLoginWithValidUsernameAndValidPassword" time="15.118"/>
  <testcase classname="testscript.LoginTest" name="verifyUserLoginWithValidUsernameAndInvalidPassword" time="9.271"/>
</testsuite> <!-- testscript.LoginTest -->
