<?xml version="1.0" encoding="UTF-8"?>
<!-- Generated by org.testng.reporters.JUnitReportReporter -->
<testsuite hostname="DESKTOP-SN0SFLR" failures="0" tests="2" name="testscript.CategoryTest" time="26.354" errors="0" timestamp="2025-02-19T21:31:42 GMT" skipped="0">
  <testcase classname="testscript.CategoryTest" name="verifyUserCanSearchCategory" time="14.666"/>
  <testcase classname="testscript.CategoryTest" name="verifyUserCanEditCategoryAndUploadImage" time="11.688"/>
</testsuite> <!-- testscript.CategoryTest -->
