<?xml version="1.0" encoding="UTF-8"?>
<!-- Generated by org.testng.reporters.JUnitReportReporter -->
<testsuite hostname="DESKTOP-SN0SFLR" failures="0" tests="4" name="testscript.ManageNewsTest" time="65.473" errors="0" timestamp="2025-02-19T21:31:42 GMT" skipped="0">
  <testcase classname="testscript.ManageNewsTest" name="verifyUserCanSearchWithValidManageNews" time="10.005"/>
  <testcase classname="testscript.ManageNewsTest" name="verifyUserCanEditManageNews" time="28.256"/>
  <testcase classname="testscript.ManageNewsTest" name="verifyUserCanAddNewManageNews" time="12.760"/>
  <testcase classname="testscript.ManageNewsTest" name="verifyUserCanSearchWithInvalidManageNews" time="14.452"/>
</testsuite> <!-- testscript.ManageNewsTest -->
